[debug] [2026-02-10T00:16:58.160Z] ----------------------------------------------------------------------
[debug] [2026-02-10T00:16:58.162Z] Command:       C:\Program Files\nodejs\node.exe C:\Users\hugoa\AppData\Roaming\npm\node_modules\firebase-tools\lib\bin\firebase.js init hosting
[debug] [2026-02-10T00:16:58.162Z] CLI Version:   14.16.0
[debug] [2026-02-10T00:16:58.162Z] Platform:      win32
[debug] [2026-02-10T00:16:58.162Z] Node Version:  v22.18.0
[debug] [2026-02-10T00:16:58.162Z] Time:          Mon Feb 09 2026 19:16:58 GMT-0500 (hora estándar de Colombia)
[debug] [2026-02-10T00:16:58.162Z] ----------------------------------------------------------------------
[debug] 
[debug] [2026-02-10T00:16:58.166Z] > command requires scopes: ["email","openid","https://www.googleapis.com/auth/cloudplatformprojects.readonly","https://www.googleapis.com/auth/firebase","https://www.googleapis.com/auth/cloud-platform"]
[debug] [2026-02-10T00:16:58.167Z] > authorizing via signed-in user (jberino133@gmail.com)
[info] 
     ######## #### ########  ######## ########     ###     ######  ########
     ##        ##  ##     ## ##       ##     ##  ##   ##  ##       ##
     ######    ##  ########  ######   ########  #########  ######  ######
     ##        ##  ##    ##  ##       ##     ## ##     ##       ## ##
     ##       #### ##     ## ######## ########  ##     ##  ######  ########

You're about to initialize a Firebase project in this directory:

  C:\Users\hugoa\model_map_navegation

[info] 
=== Project Setup
[info] 
[info] First, let's associate this project directory with a Firebase project.
[info] You can create multiple project aliases by running firebase use --add, 
[info] but for now we'll just set up a default project.
[info] 
[debug] [2026-02-10T00:17:02.599Z] Checked if tokens are valid: true, expires at: 1770686196683
[debug] [2026-02-10T00:17:02.600Z] Checked if tokens are valid: true, expires at: 1770686196683
[debug] [2026-02-10T00:17:02.602Z] >>> [apiv2][query] GET https://firebase.googleapis.com/v1beta1/projects pageSize=100
[debug] [2026-02-10T00:17:03.374Z] <<< [apiv2][status] GET https://firebase.googleapis.com/v1beta1/projects 200
[debug] [2026-02-10T00:17:03.375Z] <<< [apiv2][body] GET https://firebase.googleapis.com/v1beta1/projects [omitted]
[info] i  Using project undcnav (UNDCNav) 
[info] 
=== Hosting Setup
[debug] [2026-02-10T00:18:18.224Z] Checked if tokens are valid: true, expires at: 1770686196683
[debug] [2026-02-10T00:18:18.224Z] Checked if tokens are valid: true, expires at: 1770686196683
[debug] [2026-02-10T00:18:18.224Z] >>> [apiv2][query] GET https://firebase.googleapis.com/v1beta1/projects/undcnav [none]
[debug] [2026-02-10T00:18:18.903Z] <<< [apiv2][status] GET https://firebase.googleapis.com/v1beta1/projects/undcnav 200
[debug] [2026-02-10T00:18:18.903Z] <<< [apiv2][body] GET https://firebase.googleapis.com/v1beta1/projects/undcnav {"projectId":"undcnav","projectNumber":"254923230592","displayName":"UNDCNav","name":"projects/undcnav","resources":{"hostingSite":"undcnav"},"state":"ACTIVE","etag":"1_640cbe3e-b46f-4d28-ad17-b4240362d430"}
[info] 
[info] Your public directory is the folder (relative to your project directory) that
[info] will contain Hosting assets to be uploaded with firebase deploy. If you
[info] have a build process for your assets, use your build's output directory.
[info] 
[debug] [2026-02-10T00:20:02.528Z] >>> [apiv2][query] GET https://www.gstatic.com/firebasejs/releases.json [none]
[debug] [2026-02-10T00:20:03.058Z] <<< [apiv2][status] GET https://www.gstatic.com/firebasejs/releases.json 200
[debug] [2026-02-10T00:20:03.058Z] <<< [apiv2][body] GET https://www.gstatic.com/firebasejs/releases.json {"current":{"version":"12.9.0","browserURL":"https://www.gstatic.com/firebasejs/12.9.0/firebase.js","packageURL":"https://www.gstatic.com/firebasejs/12.9.0/firebase.tgz"},"live":{"version":"12.9","browserURL":"https://www.gstatic.com/firebasejs/live/12.9/firebase.js","packageURL":"https://www.gstatic.com/firebasejs/live/12.9/firebase.tgz"},"components":{"ai":"https://www.gstatic.com/firebasejs/12.9.0/firebase-ai.js","analytics":"https://www.gstatic.com/firebasejs/12.9.0/firebase-analytics.js","app":"https://www.gstatic.com/firebasejs/12.9.0/firebase-app.js","app-check":"https://www.gstatic.com/firebasejs/12.9.0/firebase-app-check.js","auth":"https://www.gstatic.com/firebasejs/12.9.0/firebase-auth.js","auth/cordova":"https://www.gstatic.com/firebasejs/12.9.0/firebase-auth/cordova.js","auth/web-extension":"https://www.gstatic.com/firebasejs/12.9.0/firebase-auth/web-extension.js","functions":"https://www.gstatic.com/firebasejs/12.9.0/firebase-functions.js","firestore":"https://www.gstatic.com/firebasejs/12.9.0/firebase-firestore.js","firestore/lite":"https://www.gstatic.com/firebasejs/12.9.0/firebase-firestore/lite.js","firestore/pipelines":"https://www.gstatic.com/firebasejs/12.9.0/firebase-firestore/pipelines.js","firestore/lite/pipelines":"https://www.gstatic.com/firebasejs/12.9.0/firebase-firestore/lite/pipelines.js","installations":"https://www.gstatic.com/firebasejs/12.9.0/firebase-installations.js","storage":"https://www.gstatic.com/firebasejs/12.9.0/firebase-storage.js","performance":"https://www.gstatic.com/firebasejs/12.9.0/firebase-performance.js","remote-config":"https://www.gstatic.com/firebasejs/12.9.0/firebase-remote-config.js","messaging":"https://www.gstatic.com/firebasejs/12.9.0/firebase-messaging.js","messaging/sw":"https://www.gstatic.com/firebasejs/12.9.0/firebase-messaging/sw.js","database":"https://www.gstatic.com/firebasejs/12.9.0/firebase-database.js","data-connect":"https://www.gstatic.com/firebasejs/12.9.0/firebase-data-connect.js","firestore.memory":"https://www.gstatic.com/firebasejs/12.9.0/firebase-firestore.memory.js"}}
[info] +  Wrote dist/index.html 
[info] 
[info] i  Didn't detect a .git folder. Assuming C:\Users\hugoa\model_map_navegation is the project root. 
[info] i  Authorizing with GitHub to upload your service account to a GitHub repository's secrets store. 
[info] 
[info] Visit this URL on this device to log in:
[info] https://github.com/login/oauth/authorize?client_id=89cf50f02ac6aaed3484&state=1029391455&redirect_uri=http%3A%2F%2Flocalhost%3A9005&scope=read%3Auser%20repo%20public_repo
[info] 
[info] Waiting for authentication...
[debug] [2026-02-10T00:21:19.275Z] >>> [apiv2][query] POST https://github.com/login/oauth/access_token [none]
[debug] [2026-02-10T00:21:19.275Z] >>> [apiv2][body] POST https://github.com/login/oauth/access_token [stream]
[debug] [2026-02-10T00:21:19.766Z] <<< [apiv2][status] POST https://github.com/login/oauth/access_token 200
[debug] [2026-02-10T00:21:19.766Z] <<< [apiv2][body] POST https://github.com/login/oauth/access_token {"access_token":"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","token_type":"bearer","scope":"read:user,repo"}
[debug] [2026-02-10T00:21:19.784Z] >>> [apiv2][query] GET https://api.github.com/user [none]
[debug] [2026-02-10T00:21:20.389Z] <<< [apiv2][status] GET https://api.github.com/user 200
[debug] [2026-02-10T00:21:20.389Z] <<< [apiv2][body] GET https://api.github.com/user {"login":"GitHope123","id":177885965,"node_id":"U_kgDOCppTDQ","avatar_url":"https://avatars.githubusercontent.com/u/177885965?v=4","gravatar_id":"","url":"https://api.github.com/users/GitHope123","html_url":"https://github.com/GitHope123","followers_url":"https://api.github.com/users/GitHope123/followers","following_url":"https://api.github.com/users/GitHope123/following{/other_user}","gists_url":"https://api.github.com/users/GitHope123/gists{/gist_id}","starred_url":"https://api.github.com/users/GitHope123/starred{/owner}{/repo}","subscriptions_url":"https://api.github.com/users/GitHope123/subscriptions","organizations_url":"https://api.github.com/users/GitHope123/orgs","repos_url":"https://api.github.com/users/GitHope123/repos","events_url":"https://api.github.com/users/GitHope123/events{/privacy}","received_events_url":"https://api.github.com/users/GitHope123/received_events","type":"User","user_view_type":"private","site_admin":false,"name":"Adrian Jesus","company":"12,915","blog":"","location":null,"email":null,"hireable":null,"bio":null,"twitter_username":null,"notification_email":null,"public_repos":14,"public_gists":0,"followers":0,"following":0,"created_at":"2024-08-08T20:30:55Z","updated_at":"2025-12-08T20:18:05Z","private_gists":0,"total_private_repos":24,"owned_private_repos":24,"disk_usage":262070,"collaborators":8,"two_factor_authentication":false,"plan":{"name":"free","space":976562499,"collaborators":0,"private_repos":10000}}
[info] 
[info] +  Success! Logged into GitHub as GitHope123 
[info] 
